0 info it worked if it ends with ok
1 verbose cli [ '/Users/derekross/.nvm/versions/node/v6.17.1/bin/node',
1 verbose cli   '/Users/derekross/.nvm/versions/node/v6.17.1/bin/npm',
1 verbose cli   'run',
1 verbose cli   'protractor' ]
2 info using npm@3.10.10
3 info using node@v6.17.1
4 verbose run-script [ 'preprotractor', 'protractor', 'postprotractor' ]
5 info lifecycle cicd-demo-application@1.0.3~preprotractor: cicd-demo-application@1.0.3
6 verbose lifecycle cicd-demo-application@1.0.3~preprotractor: unsafe-perm in lifecycle true
7 verbose lifecycle cicd-demo-application@1.0.3~preprotractor: PATH: /Users/derekross/.nvm/versions/node/v6.17.1/lib/node_modules/npm/bin/node-gyp-bin:/Users/derekross/workspace/local_site_test-automation/node_modules/.bin:/Users/derekross/.jenv/shims:/Users/derekross/.jenv/bin:/Users/derekross/.nvm/versions/node/v6.17.1/bin:/usr/local/bin:/usr/bin:/bin:/usr/sbin:/sbin:/Applications/VMware Fusion.app/Contents/Public:/Users/derekross/.jenv/shims:/Users/derekross/.jenv/bin:/Users/derekross/.nvm/versions/node/v6.17.1/bin
8 verbose lifecycle cicd-demo-application@1.0.3~preprotractor: CWD: /Users/derekross/workspace/local_site_test-automation
9 silly lifecycle cicd-demo-application@1.0.3~preprotractor: Args: [ '-c', 'npm run update-webdriver' ]
10 silly lifecycle cicd-demo-application@1.0.3~preprotractor: Returned: code: 0  signal: null
11 info lifecycle cicd-demo-application@1.0.3~protractor: cicd-demo-application@1.0.3
12 verbose lifecycle cicd-demo-application@1.0.3~protractor: unsafe-perm in lifecycle true
13 verbose lifecycle cicd-demo-application@1.0.3~protractor: PATH: /Users/derekross/.nvm/versions/node/v6.17.1/lib/node_modules/npm/bin/node-gyp-bin:/Users/derekross/workspace/local_site_test-automation/node_modules/.bin:/Users/derekross/.jenv/shims:/Users/derekross/.jenv/bin:/Users/derekross/.nvm/versions/node/v6.17.1/bin:/usr/local/bin:/usr/bin:/bin:/usr/sbin:/sbin:/Applications/VMware Fusion.app/Contents/Public:/Users/derekross/.jenv/shims:/Users/derekross/.jenv/bin:/Users/derekross/.nvm/versions/node/v6.17.1/bin
14 verbose lifecycle cicd-demo-application@1.0.3~protractor: CWD: /Users/derekross/workspace/local_site_test-automation
15 silly lifecycle cicd-demo-application@1.0.3~protractor: Args: [ '-c', 'protractor e2e-tests/protractor.conf.js' ]
16 silly lifecycle cicd-demo-application@1.0.3~protractor: Returned: code: 1  signal: null
17 info lifecycle cicd-demo-application@1.0.3~protractor: Failed to exec protractor script
18 verbose stack Error: cicd-demo-application@1.0.3 protractor: `protractor e2e-tests/protractor.conf.js`
18 verbose stack Exit status 1
18 verbose stack     at EventEmitter.<anonymous> (/Users/derekross/.nvm/versions/node/v6.17.1/lib/node_modules/npm/lib/utils/lifecycle.js:255:16)
18 verbose stack     at emitTwo (events.js:106:13)
18 verbose stack     at EventEmitter.emit (events.js:191:7)
18 verbose stack     at ChildProcess.<anonymous> (/Users/derekross/.nvm/versions/node/v6.17.1/lib/node_modules/npm/lib/utils/spawn.js:40:14)
18 verbose stack     at emitTwo (events.js:106:13)
18 verbose stack     at ChildProcess.emit (events.js:191:7)
18 verbose stack     at maybeClose (internal/child_process.js:920:16)
18 verbose stack     at Process.ChildProcess._handle.onexit (internal/child_process.js:230:5)
19 verbose pkgid cicd-demo-application@1.0.3
20 verbose cwd /Users/derekross/workspace/local_site_test-automation
21 error Darwin 18.6.0
22 error argv "/Users/derekross/.nvm/versions/node/v6.17.1/bin/node" "/Users/derekross/.nvm/versions/node/v6.17.1/bin/npm" "run" "protractor"
23 error node v6.17.1
24 error npm  v3.10.10
25 error code ELIFECYCLE
26 error cicd-demo-application@1.0.3 protractor: `protractor e2e-tests/protractor.conf.js`
26 error Exit status 1
27 error Failed at the cicd-demo-application@1.0.3 protractor script 'protractor e2e-tests/protractor.conf.js'.
27 error Make sure you have the latest version of node.js and npm installed.
27 error If you do, this is most likely a problem with the cicd-demo-application package,
27 error not with npm itself.
27 error Tell the author that this fails on your system:
27 error     protractor e2e-tests/protractor.conf.js
27 error You can get information on how to open an issue for this project with:
27 error     npm bugs cicd-demo-application
27 error Or if that isn't available, you can get their info via:
27 error     npm owner ls cicd-demo-application
27 error There is likely additional logging output above.
28 verbose exit [ 1, true ]
